1524757546396	geckodriver	INFO	geckodriver 0.20.1
1524757546405	geckodriver	INFO	Listening on 127.0.0.1:52577
1524757547433	mozrunner::runner	INFO	Running command: "/Applications/Firefox.app/Contents/MacOS/firefox-bin" "-marionette" "-profile" "/var/folders/t6/4ztk9j3n5y10fcvmv4dfcwqr0000gn/T/rust_mozprofile.L1qEVO9ysyCx"
1524757548030	Marionette	INFO	Enabled via --marionette
2018-04-26 16:45:49.125 plugin-container[6192:123598] *** CFMessagePort: bootstrap_register(): failed 1100 (0x44c) 'Permission denied', port = 0x7943, name = 'com.apple.tsm.portname'
See /usr/include/servers/bootstrap_defs.h for the error codes.
1524757549588	Marionette	INFO	Listening on port 52584
1524757549636	Marionette	WARN	TLS certificate errors will be ignored for this session
2018-04-26 16:45:50.173 plugin-container[6193:123684] *** CFMessagePort: bootstrap_register(): failed 1100 (0x44c) 'Permission denied', port = 0x8a3f, name = 'com.apple.tsm.portname'
See /usr/include/servers/bootstrap_defs.h for the error codes.
2018-04-26 17:36:55.419 plugin-container[7689:149962] *** CFMessagePort: bootstrap_register(): failed 1100 (0x44c) 'Permission denied', port = 0x823f, name = 'com.apple.tsm.portname'
See /usr/include/servers/bootstrap_defs.h for the error codes.
1524761683884	geckodriver	INFO	geckodriver 0.20.1
1524761683894	geckodriver	INFO	Listening on 127.0.0.1:56630
1524761684912	mozrunner::runner	INFO	Running command: "/Applications/Firefox.app/Contents/MacOS/firefox-bin" "-marionette" "-profile" "/var/folders/t6/4ztk9j3n5y10fcvmv4dfcwqr0000gn/T/rust_mozprofile.wmQgQdAcSFD4"
1524761685648	Marionette	INFO	Enabled via --marionette
2018-04-26 17:54:46.818 plugin-container[8108:157063] *** CFMessagePort: bootstrap_register(): failed 1100 (0x44c) 'Permission denied', port = 0x7f3f, name = 'com.apple.tsm.portname'
See /usr/include/servers/bootstrap_defs.h for the error codes.
1524761687272	Marionette	INFO	Listening on port 56637
1524761687314	Marionette	WARN	TLS certificate errors will be ignored for this session
2018-04-26 17:54:47.883 plugin-container[8109:157136] *** CFMessagePort: bootstrap_register(): failed 1100 (0x44c) 'Permission denied', port = 0x873f, name = 'com.apple.tsm.portname'
See /usr/include/servers/bootstrap_defs.h for the error codes.
